{"type":"CANDIDATE_LOGIN_SUCCESS","details":"Candidate Jane Hash (JC543031A) logged in successfully","severity":"INFO","candidate":{"armyNumber":"JC543031A","name":"Jane Hash","rank":"Major","unit":"3rd Battalion"},"timestamp":"2025-10-10T03:16:00.187Z","sessionId":1}
{"type":"WEBSOCKET_CONNECTED","details":"Successfully connected to exam server via WebSocket","severity":"INFO","timestamp":"2025-10-10T03:16:00.249Z","sessionId":1}
{"type":"RENDERER_ERROR","details":"EXAM_SUBMISSION: Exam submission failed","severity":"MEDIUM","error":"Incomplete exam data for submission","timestamp":"2025-10-10T03:16:26.354Z","userAgent":"Mozilla/5.0 (Windows NT 10.0; Win64; x64) AppleWebKit/537.36 (KHTML, like Gecko) army-exam-candidate/2.0.0 Chrome/140.0.7339.133 Electron/38.1.2 Safari/537.36","url":"file:///D:/Army%20Exam%20App/candidateApp/src/renderer/exam-page.html","sessionId":1}
{"type":"WEBSOCKET_DISCONNECTED","details":"Disconnected from server: io client disconnect","severity":"HIGH","timestamp":"2025-10-10T03:16:34.685Z","sessionId":"unknown"}
{"type":"UNCAUGHT_EXCEPTION","details":"Application crash: Cannot read properties of null (reading 'webContents')","severity":"CRITICAL","stack":"TypeError: Cannot read properties of null (reading 'webContents')\n    at Socket.<anonymous> (D:\\Army Exam App\\candidateApp\\src\\main\\main.js:405:24)\n    at Emitter.emit (D:\\Army Exam App\\candidateApp\\node_modules\\@socket.io\\component-emitter\\lib\\cjs\\index.js:143:20)\n    at Socket.onclose (D:\\Army Exam App\\candidateApp\\node_modules\\socket.io-client\\build\\cjs\\socket.js:471:14)\n    at Socket.disconnect (D:\\Army Exam App\\candidateApp\\node_modules\\socket.io-client\\build\\cjs\\socket.js:685:18)\n    at cleanupResources (D:\\Army Exam App\\candidateApp\\src\\main\\main.js:175:16)\n    at BrowserWindow.<anonymous> (D:\\Army Exam App\\candidateApp\\src\\main\\main.js:116:9)\n    at BrowserWindow.emit (node:events:531:35)","timestamp":"2025-10-10T03:16:34.700Z","sessionId":"unknown"}
{"type":"UNCAUGHT_EXCEPTION","details":"Application crash: networkDiscovery.stopDiscovery is not a function","severity":"CRITICAL","stack":"TypeError: networkDiscovery.stopDiscovery is not a function\n    at cleanupResources (D:\\Army Exam App\\candidateApp\\src\\main\\main.js:181:26)\n    at App.<anonymous> (D:\\Army Exam App\\candidateApp\\src\\main\\main.js:607:5)\n    at App.emit (node:events:531:35)","timestamp":"2025-10-10T03:16:34.714Z","sessionId":"unknown"}
{"type":"CANDIDATE_LOGIN_SUCCESS","details":"Candidate Jane Hash (JC543031A) logged in successfully","severity":"INFO","candidate":{"armyNumber":"JC543031A","name":"Jane Hash","rank":"Major","unit":"3rd Battalion"},"timestamp":"2025-10-10T03:26:19.607Z","sessionId":1}
{"type":"WEBSOCKET_CONNECTED","details":"Successfully connected to exam server via WebSocket","severity":"INFO","timestamp":"2025-10-10T03:26:19.659Z","sessionId":1}
{"type":"EXAM_STARTED","details":"Exam started remotely by invigilator","severity":"INFO","examData":{"questionCount":5,"duration":"20"},"timestamp":"2025-10-10T03:26:19.682Z","sessionId":1}
{"type":"WEBSOCKET_DISCONNECTED","details":"Disconnected from server: io client disconnect","severity":"HIGH","timestamp":"2025-10-10T03:27:24.069Z","sessionId":1}
{"type":"EXAM_SUBMISSION_ERROR","details":"Failed to submit exam: networkDiscovery.stopDiscovery is not a function","severity":"HIGH","timestamp":"2025-10-10T03:27:24.086Z","sessionId":1}
{"type":"RENDERER_ERROR","details":"EXAM_SUBMISSION: Exam submission failed","severity":"MEDIUM","error":"Submission failed: networkDiscovery.stopDiscovery is not a function","timestamp":"2025-10-10T03:27:24.093Z","userAgent":"Mozilla/5.0 (Windows NT 10.0; Win64; x64) AppleWebKit/537.36 (KHTML, like Gecko) army-exam-candidate/2.0.0 Chrome/140.0.7339.133 Electron/38.1.2 Safari/537.36","url":"file:///D:/Army%20Exam%20App/candidateApp/src/renderer/exam-page.html","sessionId":1}
{"type":"UNCAUGHT_EXCEPTION","details":"Application crash: networkDiscovery.stopDiscovery is not a function","severity":"CRITICAL","stack":"TypeError: networkDiscovery.stopDiscovery is not a function\n    at cleanupResources (D:\\Army Exam App\\candidateApp\\src\\main\\main.js:181:26)\n    at BrowserWindow.<anonymous> (D:\\Army Exam App\\candidateApp\\src\\main\\main.js:116:9)\n    at BrowserWindow.emit (node:events:531:35)","timestamp":"2025-10-10T03:27:36.117Z","sessionId":"unknown"}
{"type":"UNCAUGHT_EXCEPTION","details":"Application crash: networkDiscovery.stopDiscovery is not a function","severity":"CRITICAL","stack":"TypeError: networkDiscovery.stopDiscovery is not a function\n    at cleanupResources (D:\\Army Exam App\\candidateApp\\src\\main\\main.js:181:26)\n    at App.<anonymous> (D:\\Army Exam App\\candidateApp\\src\\main\\main.js:607:5)\n    at App.emit (node:events:531:35)","timestamp":"2025-10-10T03:27:36.163Z","sessionId":"unknown"}
{"type":"CANDIDATE_LOGIN_SUCCESS","details":"Candidate Jane Hash (JC543031A) logged in successfully","severity":"INFO","candidate":{"armyNumber":"JC543031A","name":"Jane Hash","rank":"Major","unit":"3rd Battalion"},"timestamp":"2025-10-10T03:37:11.292Z","sessionId":1}
{"type":"WEBSOCKET_CONNECTED","details":"Successfully connected to exam server via WebSocket","severity":"INFO","timestamp":"2025-10-10T03:37:11.354Z","sessionId":1}
{"type":"EXAM_STARTED","details":"Exam started remotely by invigilator","severity":"INFO","examData":{"questionCount":5,"duration":"20"},"timestamp":"2025-10-10T03:37:11.374Z","sessionId":1}
{"type":"WEBSOCKET_DISCONNECTED","details":"Disconnected from server: io client disconnect","severity":"HIGH","timestamp":"2025-10-10T03:37:36.510Z","sessionId":1}
{"type":"EXAM_SUBMISSION_ERROR","details":"Failed to submit exam: networkDiscovery.stopDiscovery is not a function","severity":"HIGH","timestamp":"2025-10-10T03:37:36.515Z","sessionId":1}
{"type":"RENDERER_ERROR","details":"EXAM_SUBMISSION: Exam submission failed","severity":"MEDIUM","error":"Submission failed: networkDiscovery.stopDiscovery is not a function","timestamp":"2025-10-10T03:37:36.523Z","userAgent":"Mozilla/5.0 (Windows NT 10.0; Win64; x64) AppleWebKit/537.36 (KHTML, like Gecko) army-exam-candidate/2.0.0 Chrome/140.0.7339.133 Electron/38.1.2 Safari/537.36","url":"file:///D:/Army%20Exam%20App/candidateApp/src/renderer/exam-page.html","sessionId":1}
{"type":"UNCAUGHT_EXCEPTION","details":"Application crash: networkDiscovery.stopDiscovery is not a function","severity":"CRITICAL","stack":"TypeError: networkDiscovery.stopDiscovery is not a function\n    at cleanupResources (D:\\Army Exam App\\candidateApp\\src\\main\\main.js:181:26)\n    at BrowserWindow.<anonymous> (D:\\Army Exam App\\candidateApp\\src\\main\\main.js:116:9)\n    at BrowserWindow.emit (node:events:531:35)","timestamp":"2025-10-10T03:38:01.967Z","sessionId":"unknown"}
{"type":"UNCAUGHT_EXCEPTION","details":"Application crash: networkDiscovery.stopDiscovery is not a function","severity":"CRITICAL","stack":"TypeError: networkDiscovery.stopDiscovery is not a function\n    at cleanupResources (D:\\Army Exam App\\candidateApp\\src\\main\\main.js:181:26)\n    at App.<anonymous> (D:\\Army Exam App\\candidateApp\\src\\main\\main.js:607:5)\n    at App.emit (node:events:531:35)","timestamp":"2025-10-10T03:38:01.988Z","sessionId":"unknown"}
{"type":"CANDIDATE_LOGIN_SUCCESS","details":"Candidate Jane Hash (JC543031A) logged in successfully","severity":"INFO","candidate":{"armyNumber":"JC543031A","name":"Jane Hash","rank":"Major","unit":"3rd Battalion"},"timestamp":"2025-10-10T03:42:24.184Z","sessionId":1}
{"type":"WEBSOCKET_CONNECTED","details":"Successfully connected to exam server via WebSocket","severity":"INFO","timestamp":"2025-10-10T03:42:24.230Z","sessionId":1}
{"type":"EXAM_STARTED","details":"Exam started remotely by invigilator","severity":"INFO","examData":{"questionCount":5,"duration":"20"},"timestamp":"2025-10-10T03:42:24.253Z","sessionId":1}
{"type":"WEBSOCKET_DISCONNECTED","details":"Disconnected from server: io client disconnect","severity":"HIGH","timestamp":"2025-10-10T03:42:42.117Z","sessionId":1}
{"type":"EXAM_SUBMITTED","details":"Exam submitted successfully for JC543031A","severity":"INFO","answersCount":4,"timestamp":"2025-10-10T03:42:42.129Z","sessionId":1}
{"type":"RENDERER_ERROR","details":"EXAM_SUBMISSION: Exam submission error","severity":"MEDIUM","error":"Cannot read properties of undefined (reading 'length')","timestamp":"2025-10-10T03:42:42.133Z","userAgent":"Mozilla/5.0 (Windows NT 10.0; Win64; x64) AppleWebKit/537.36 (KHTML, like Gecko) army-exam-candidate/2.0.0 Chrome/140.0.7339.133 Electron/38.1.2 Safari/537.36","url":"file:///D:/Army%20Exam%20App/candidateApp/src/renderer/exam-page.html","sessionId":1}
{"type":"CANDIDATE_LOGIN_SUCCESS","details":"Candidate Jane Hash (JC543031A) logged in successfully","severity":"INFO","candidate":{"armyNumber":"JC543031A","name":"Jane Hash","rank":"Major","unit":"3rd Battalion"},"timestamp":"2025-10-10T03:49:10.081Z","sessionId":1}
{"type":"WEBSOCKET_CONNECTED","details":"Successfully connected to exam server via WebSocket","severity":"INFO","timestamp":"2025-10-10T03:49:10.144Z","sessionId":1}
{"type":"EXAM_STARTED","details":"Exam started remotely by invigilator","severity":"INFO","examData":{"questionCount":5,"duration":"20"},"timestamp":"2025-10-10T03:49:10.160Z","sessionId":1}
{"type":"WEBSOCKET_DISCONNECTED","details":"Disconnected from server: io client disconnect","severity":"HIGH","timestamp":"2025-10-10T03:49:29.512Z","sessionId":1}
{"type":"EXAM_SUBMITTED","details":"Exam submitted successfully for JC543031A","severity":"INFO","answersCount":5,"timestamp":"2025-10-10T03:49:29.520Z","sessionId":1}
{"type":"RENDERER_ERROR","details":"EXAM_SUBMISSION: Exam submission error","severity":"MEDIUM","error":"Cannot read properties of undefined (reading 'length')","timestamp":"2025-10-10T03:49:29.524Z","userAgent":"Mozilla/5.0 (Windows NT 10.0; Win64; x64) AppleWebKit/537.36 (KHTML, like Gecko) army-exam-candidate/2.0.0 Chrome/140.0.7339.133 Electron/38.1.2 Safari/537.36","url":"file:///D:/Army%20Exam%20App/candidateApp/src/renderer/exam-page.html","sessionId":1}
{"type":"CANDIDATE_LOGIN_SUCCESS","details":"Candidate Jane Hash (JC543031A) logged in successfully","severity":"INFO","candidate":{"armyNumber":"JC543031A","name":"Jane Hash","rank":"Major","unit":"3rd Battalion"},"timestamp":"2025-10-11T02:43:00.651Z","sessionId":1}
{"type":"WEBSOCKET_CONNECTED","details":"Successfully connected to exam server via WebSocket","severity":"INFO","timestamp":"2025-10-11T02:43:00.699Z","sessionId":1}
{"type":"EXAM_STARTED","details":"Exam started remotely by invigilator","severity":"INFO","examData":{"questionCount":5,"duration":"30"},"timestamp":"2025-10-11T02:43:00.727Z","sessionId":1}
{"type":"WEBSOCKET_DISCONNECTED","details":"Disconnected from server: io client disconnect","severity":"HIGH","timestamp":"2025-10-11T02:43:22.218Z","sessionId":1}
{"type":"EXAM_SUBMITTED","details":"Exam submitted successfully for JC543031A","severity":"INFO","answersCount":5,"timestamp":"2025-10-11T02:43:22.221Z","sessionId":1}
{"type":"CANDIDATE_LOGIN_SUCCESS","details":"Candidate Jane Hash (JC543031A) logged in successfully","severity":"INFO","candidate":{"armyNumber":"JC543031A","name":"Jane Hash","rank":"Major","unit":"3rd Battalion"},"timestamp":"2025-10-11T02:58:34.193Z","sessionId":1}
{"type":"WEBSOCKET_CONNECTED","details":"Successfully connected to exam server via WebSocket","severity":"INFO","timestamp":"2025-10-11T02:58:34.252Z","sessionId":1}
{"type":"EXAM_STARTED","details":"Exam started remotely by invigilator","severity":"INFO","examData":{"questionCount":5,"duration":"50"},"timestamp":"2025-10-11T02:58:34.269Z","sessionId":1}
{"type":"WEBSOCKET_DISCONNECTED","details":"Disconnected from server: io client disconnect","severity":"HIGH","timestamp":"2025-10-11T02:59:12.058Z","sessionId":1}
{"type":"EXAM_SUBMITTED","details":"Exam submitted successfully for JC543031A","severity":"INFO","answersCount":5,"timestamp":"2025-10-11T02:59:12.069Z","sessionId":1}
{"type":"CANDIDATE_LOGIN_SUCCESS","details":"Candidate Jane Hash (JC543031A) logged in successfully","severity":"INFO","candidate":{"armyNumber":"JC543031A","name":"Jane Hash","rank":"Major","unit":"3rd Battalion"},"timestamp":"2025-10-11T04:13:54.421Z","sessionId":1}
{"type":"WEBSOCKET_CONNECTED","details":"Successfully connected to exam server via WebSocket","severity":"INFO","timestamp":"2025-10-11T04:13:54.450Z","sessionId":1}
{"type":"EXAM_STARTED","details":"Exam started remotely by invigilator","severity":"INFO","examData":{"questionCount":5,"duration":"120"},"timestamp":"2025-10-11T04:13:54.469Z","sessionId":1}
{"type":"WEBSOCKET_DISCONNECTED","details":"Disconnected from server: io client disconnect","severity":"HIGH","timestamp":"2025-10-11T04:14:20.021Z","sessionId":1}
{"type":"EXAM_SUBMITTED","details":"Exam submitted successfully for JC543031A","severity":"INFO","answersCount":5,"timestamp":"2025-10-11T04:14:20.030Z","sessionId":1}
{"type":"CANDIDATE_LOGIN_SUCCESS","details":"Candidate Jane Hash (JC543031A) logged in successfully","severity":"INFO","candidate":{"armyNumber":"JC543031A","name":"Jane Hash","rank":"Major","unit":"3rd Battalion"},"timestamp":"2025-10-11T04:28:57.936Z","sessionId":1}
{"type":"WEBSOCKET_CONNECTED","details":"Successfully connected to exam server via WebSocket","severity":"INFO","timestamp":"2025-10-11T04:28:57.984Z","sessionId":1}
{"type":"EXAM_STARTED","details":"Exam started remotely by invigilator","severity":"INFO","examData":{"questionCount":5,"duration":"15"},"timestamp":"2025-10-11T04:28:58.003Z","sessionId":1}
{"type":"WEBSOCKET_DISCONNECTED","details":"Disconnected from server: io client disconnect","severity":"HIGH","timestamp":"2025-10-11T04:29:17.079Z","sessionId":1}
{"type":"EXAM_SUBMITTED","details":"Exam submitted successfully for JC543031A","severity":"INFO","answersCount":5,"timestamp":"2025-10-11T04:29:17.086Z","sessionId":1}
{"type":"CANDIDATE_LOGIN_SUCCESS","details":"Candidate Jane Hash (JC543031A) logged in successfully","severity":"INFO","candidate":{"armyNumber":"JC543031A","name":"Jane Hash","rank":"Major","unit":"3rd Battalion"},"timestamp":"2025-10-11T05:19:52.876Z","sessionId":1}
{"type":"WEBSOCKET_CONNECTED","details":"Successfully connected to exam server via WebSocket","severity":"INFO","timestamp":"2025-10-11T05:19:52.945Z","sessionId":1}
{"type":"EXAM_STARTED","details":"Exam started remotely by invigilator","severity":"INFO","examData":{"questionCount":5,"duration":"60"},"timestamp":"2025-10-11T05:19:52.953Z","sessionId":1}
{"type":"WEBSOCKET_DISCONNECTED","details":"Disconnected from server: io client disconnect","severity":"HIGH","timestamp":"2025-10-11T05:20:06.414Z","sessionId":1}
{"type":"EXAM_SUBMITTED","details":"Exam submitted successfully for JC543031A","severity":"INFO","answersCount":4,"timestamp":"2025-10-11T05:20:06.418Z","sessionId":1}
{"type":"CANDIDATE_LOGIN_SUCCESS","details":"Candidate Jane Hash (JC543031A) logged in successfully","severity":"INFO","candidate":{"armyNumber":"JC543031A","name":"Jane Hash","rank":"Major","unit":"3rd Battalion"},"timestamp":"2025-10-11T05:25:41.951Z","sessionId":1}
{"type":"WEBSOCKET_CONNECTED","details":"Successfully connected to exam server via WebSocket","severity":"INFO","timestamp":"2025-10-11T05:25:42.004Z","sessionId":1}
{"type":"EXAM_STARTED","details":"Exam started remotely by invigilator","severity":"INFO","examData":{"questionCount":5,"duration":"60"},"timestamp":"2025-10-11T05:25:42.026Z","sessionId":1}
{"type":"WEBSOCKET_DISCONNECTED","details":"Disconnected from server: io client disconnect","severity":"HIGH","timestamp":"2025-10-11T05:25:56.853Z","sessionId":1}
{"type":"EXAM_SUBMITTED","details":"Exam submitted successfully for JC543031A","severity":"INFO","answersCount":5,"timestamp":"2025-10-11T05:25:56.855Z","sessionId":1}
{"type":"CANDIDATE_LOGIN_SUCCESS","details":"Candidate Jane Hash (JC543031A) logged in successfully","severity":"INFO","candidate":{"armyNumber":"JC543031A","name":"Jane Hash","rank":"Major","unit":"3rd Battalion"},"timestamp":"2025-10-11T09:27:05.769Z","sessionId":1}
{"type":"WEBSOCKET_CONNECTED","details":"Successfully connected to exam server via WebSocket","severity":"INFO","timestamp":"2025-10-11T09:27:05.823Z","sessionId":1}
{"type":"EXAM_STARTED","details":"Exam started remotely by invigilator","severity":"INFO","examData":{"questionCount":5,"duration":"60"},"timestamp":"2025-10-11T09:27:05.841Z","sessionId":1}
{"type":"WEBSOCKET_DISCONNECTED","details":"Disconnected from server: io client disconnect","severity":"HIGH","timestamp":"2025-10-11T09:27:28.775Z","sessionId":1}
{"type":"EXAM_SUBMITTED","details":"Exam submitted successfully for JC543031A","severity":"INFO","answersCount":5,"timestamp":"2025-10-11T09:27:28.782Z","sessionId":1}
{"type":"CANDIDATE_LOGIN_SUCCESS","details":"Candidate Jane Hash (JC543031A) logged in successfully","severity":"INFO","candidate":{"armyNumber":"JC543031A","name":"Jane Hash","rank":"Major","unit":"3rd Battalion"},"timestamp":"2025-10-11T09:41:13.946Z","sessionId":1}
{"type":"WEBSOCKET_CONNECTED","details":"Successfully connected to exam server via WebSocket","severity":"INFO","timestamp":"2025-10-11T09:41:13.989Z","sessionId":1}
{"type":"WEBSOCKET_DISCONNECTED","details":"Disconnected from server: io client disconnect","severity":"HIGH","timestamp":"2025-10-11T09:41:25.378Z","sessionId":"unknown"}
{"type":"UNCAUGHT_EXCEPTION","details":"Application crash: Cannot read properties of null (reading 'webContents')","severity":"CRITICAL","stack":"TypeError: Cannot read properties of null (reading 'webContents')\n    at Socket.<anonymous> (D:\\Army Exam App\\candidateApp\\src\\main\\main.js:405:24)\n    at Emitter.emit (D:\\Army Exam App\\candidateApp\\node_modules\\@socket.io\\component-emitter\\lib\\cjs\\index.js:143:20)\n    at Socket.onclose (D:\\Army Exam App\\candidateApp\\node_modules\\socket.io-client\\build\\cjs\\socket.js:471:14)\n    at Socket.disconnect (D:\\Army Exam App\\candidateApp\\node_modules\\socket.io-client\\build\\cjs\\socket.js:685:18)\n    at cleanupResources (D:\\Army Exam App\\candidateApp\\src\\main\\main.js:175:16)\n    at BrowserWindow.<anonymous> (D:\\Army Exam App\\candidateApp\\src\\main\\main.js:116:9)\n    at BrowserWindow.emit (node:events:531:35)","timestamp":"2025-10-11T09:41:25.382Z","sessionId":"unknown"}
{"type":"CANDIDATE_LOGIN_SUCCESS","details":"Candidate Jane Hash (JC543031A) logged in successfully","severity":"INFO","candidate":{"armyNumber":"JC543031A","name":"Jane Hash","rank":"Major","unit":"3rd Battalion"},"timestamp":"2025-10-11T09:42:13.487Z","sessionId":1}
{"type":"WEBSOCKET_CONNECTED","details":"Successfully connected to exam server via WebSocket","severity":"INFO","timestamp":"2025-10-11T09:42:13.520Z","sessionId":1}
{"type":"EXAM_STARTED","details":"Exam started remotely by invigilator","severity":"INFO","examData":{"questionCount":5,"duration":"60"},"timestamp":"2025-10-11T09:42:13.531Z","sessionId":1}
{"type":"WEBSOCKET_DISCONNECTED","details":"Disconnected from server: io client disconnect","severity":"HIGH","timestamp":"2025-10-11T09:42:27.986Z","sessionId":1}
{"type":"EXAM_SUBMITTED","details":"Exam submitted successfully for JC543031A","severity":"INFO","answersCount":5,"timestamp":"2025-10-11T09:42:27.989Z","sessionId":1}
{"type":"CANDIDATE_LOGIN_FAILED","details":"Failed login attempt for army number: JC543031X","severity":"MEDIUM","error":"Invalid Army Number or password","timestamp":"2025-10-11T09:54:09.504Z","sessionId":1}
{"type":"CANDIDATE_LOGIN_SUCCESS","details":"Candidate Jane Hash (JC543031A) logged in successfully","severity":"INFO","candidate":{"armyNumber":"JC543031A","name":"Jane Hash","rank":"Major","unit":"3rd Battalion"},"timestamp":"2025-10-11T09:54:18.800Z","sessionId":1}
{"type":"WEBSOCKET_CONNECTED","details":"Successfully connected to exam server via WebSocket","severity":"INFO","timestamp":"2025-10-11T09:54:18.833Z","sessionId":1}
{"type":"EXAM_STARTED","details":"Exam started remotely by invigilator","severity":"INFO","examData":{"questionCount":5,"duration":"60"},"timestamp":"2025-10-11T09:54:18.855Z","sessionId":1}
{"type":"WEBSOCKET_DISCONNECTED","details":"Disconnected from server: io client disconnect","severity":"HIGH","timestamp":"2025-10-11T09:54:37.728Z","sessionId":1}
{"type":"EXAM_SUBMITTED","details":"Exam submitted successfully for JC543031A","severity":"INFO","answersCount":5,"timestamp":"2025-10-11T09:54:37.730Z","sessionId":1}
{"type":"CANDIDATE_LOGIN_SUCCESS","details":"Candidate Jane Hash (JC543031A) logged in successfully","severity":"INFO","candidate":{"armyNumber":"JC543031A","name":"Jane Hash","rank":"Major","unit":"3rd Battalion"},"timestamp":"2025-10-11T10:10:16.802Z","sessionId":1}
{"type":"WEBSOCKET_CONNECTED","details":"Successfully connected to exam server via WebSocket","severity":"INFO","timestamp":"2025-10-11T10:10:16.836Z","sessionId":1}
{"type":"EXAM_STARTED","details":"Exam started remotely by invigilator","severity":"INFO","examData":{"questionCount":5,"duration":"60"},"timestamp":"2025-10-11T10:10:16.855Z","sessionId":1}
{"type":"WEBSOCKET_DISCONNECTED","details":"Disconnected from server: io client disconnect","severity":"HIGH","timestamp":"2025-10-11T10:10:29.980Z","sessionId":1}
{"type":"EXAM_SUBMITTED","details":"Exam submitted successfully for JC543031A","severity":"INFO","answersCount":5,"timestamp":"2025-10-11T10:10:29.986Z","sessionId":1}
{"type":"CANDIDATE_LOGIN_SUCCESS","details":"Candidate Jane Hash (JC543031A) logged in successfully","severity":"INFO","candidate":{"armyNumber":"JC543031A","name":"Jane Hash","rank":"Major","unit":"3rd Battalion"},"timestamp":"2025-10-11T10:46:27.594Z","sessionId":1}
{"type":"WEBSOCKET_CONNECTED","details":"Successfully connected to exam server via WebSocket","severity":"INFO","timestamp":"2025-10-11T10:46:27.630Z","sessionId":1}
{"type":"EXAM_STARTED","details":"Exam started remotely by invigilator","severity":"INFO","examData":{"questionCount":5,"duration":"60"},"timestamp":"2025-10-11T10:46:27.654Z","sessionId":1}
{"type":"WEBSOCKET_DISCONNECTED","details":"Disconnected from server: io client disconnect","severity":"HIGH","timestamp":"2025-10-11T10:47:02.529Z","sessionId":1}
{"type":"EXAM_SUBMITTED","details":"Exam submitted successfully for JC543031A","severity":"INFO","answersCount":5,"timestamp":"2025-10-11T10:47:02.538Z","sessionId":1}
{"type":"CANDIDATE_LOGIN_SUCCESS","details":"Candidate Jane Hash (JC543031A) logged in successfully","severity":"INFO","candidate":{"armyNumber":"JC543031A","name":"Jane Hash","rank":"Major","unit":"3rd Battalion"},"timestamp":"2025-10-11T11:01:58.109Z","sessionId":1}
{"type":"WEBSOCKET_CONNECTED","details":"Successfully connected to exam server via WebSocket","severity":"INFO","timestamp":"2025-10-11T11:01:58.243Z","sessionId":1}
{"type":"EXAM_STARTED","details":"Exam started remotely by invigilator","severity":"INFO","examData":{"questionCount":5,"duration":"60"},"timestamp":"2025-10-11T11:01:58.270Z","sessionId":1}
{"type":"WEBSOCKET_DISCONNECTED","details":"Disconnected from server: io client disconnect","severity":"HIGH","timestamp":"2025-10-11T11:02:17.575Z","sessionId":1}
{"type":"EXAM_SUBMITTED","details":"Exam submitted successfully for JC543031A","severity":"INFO","answersCount":5,"timestamp":"2025-10-11T11:02:17.580Z","sessionId":1}
{"type":"CANDIDATE_LOGIN_SUCCESS","details":"Candidate Jane Hash (JC543031A) logged in successfully","severity":"INFO","candidate":{"armyNumber":"JC543031A","name":"Jane Hash","rank":"Major","unit":"3rd Battalion"},"timestamp":"2025-10-11T11:10:55.621Z","sessionId":1}
{"type":"WEBSOCKET_CONNECTED","details":"Successfully connected to exam server via WebSocket","severity":"INFO","timestamp":"2025-10-11T11:10:55.677Z","sessionId":1}
{"type":"EXAM_STARTED","details":"Exam started remotely by invigilator","severity":"INFO","examData":{"questionCount":5,"duration":"60"},"timestamp":"2025-10-11T11:10:55.706Z","sessionId":1}
{"type":"WEBSOCKET_DISCONNECTED","details":"Disconnected from server: io client disconnect","severity":"HIGH","timestamp":"2025-10-11T11:11:19.669Z","sessionId":1}
{"type":"EXAM_SUBMITTED","details":"Exam submitted successfully for JC543031A","severity":"INFO","answersCount":5,"timestamp":"2025-10-11T11:11:19.688Z","sessionId":1}
{"type":"CANDIDATE_LOGIN_SUCCESS","details":"Candidate Jane Hash (JC543031A) logged in successfully","severity":"INFO","candidate":{"armyNumber":"JC543031A","name":"Jane Hash","rank":"Major","unit":"3rd Battalion"},"timestamp":"2025-10-11T14:10:10.323Z","sessionId":1}
{"type":"WEBSOCKET_CONNECTED","details":"Successfully connected to exam server via WebSocket","severity":"INFO","timestamp":"2025-10-11T14:10:10.389Z","sessionId":1}
{"type":"EXAM_STARTED","details":"Exam started remotely by invigilator","severity":"INFO","examData":{"questionCount":5,"duration":"60"},"timestamp":"2025-10-11T14:10:10.402Z","sessionId":1}
{"type":"WEBSOCKET_DISCONNECTED","details":"Disconnected from server: io client disconnect","severity":"HIGH","timestamp":"2025-10-11T14:10:31.546Z","sessionId":1}
{"type":"EXAM_SUBMITTED","details":"Exam submitted successfully for JC543031A","severity":"INFO","answersCount":5,"timestamp":"2025-10-11T14:10:31.553Z","sessionId":1}
{"type":"CANDIDATE_LOGIN_SUCCESS","details":"Candidate Jane Hash (JC543031A) logged in successfully","severity":"INFO","candidate":{"armyNumber":"JC543031A","name":"Jane Hash","rank":"Major","unit":"3rd Battalion"},"timestamp":"2025-10-11T14:17:48.516Z","sessionId":1}
{"type":"WEBSOCKET_CONNECTED","details":"Successfully connected to exam server via WebSocket","severity":"INFO","timestamp":"2025-10-11T14:17:48.576Z","sessionId":1}
{"type":"EXAM_STARTED","details":"Exam started remotely by invigilator","severity":"INFO","examData":{"questionCount":5,"duration":"60"},"timestamp":"2025-10-11T14:17:48.583Z","sessionId":1}
{"type":"WEBSOCKET_DISCONNECTED","details":"Disconnected from server: io client disconnect","severity":"HIGH","timestamp":"2025-10-11T14:18:09.749Z","sessionId":1}
{"type":"EXAM_SUBMITTED","details":"Exam submitted successfully for JC543031A","severity":"INFO","answersCount":5,"timestamp":"2025-10-11T14:18:09.765Z","sessionId":1}
{"type":"CANDIDATE_LOGIN_SUCCESS","details":"Candidate Jane Hash (JC543031A) logged in successfully","severity":"INFO","candidate":{"armyNumber":"JC543031A","name":"Jane Hash","rank":"Major","unit":"3rd Battalion"},"timestamp":"2025-10-11T14:19:15.982Z","sessionId":1}
{"type":"WEBSOCKET_CONNECTED","details":"Successfully connected to exam server via WebSocket","severity":"INFO","timestamp":"2025-10-11T14:19:16.025Z","sessionId":1}
{"type":"EXAM_STARTED","details":"Exam started remotely by invigilator","severity":"INFO","examData":{"questionCount":5,"duration":"60"},"timestamp":"2025-10-11T14:19:16.038Z","sessionId":1}
{"type":"WEBSOCKET_DISCONNECTED","details":"Disconnected from server: io client disconnect","severity":"HIGH","timestamp":"2025-10-11T14:19:30.011Z","sessionId":1}
{"type":"EXAM_SUBMITTED","details":"Exam submitted successfully for JC543031A","severity":"INFO","answersCount":5,"timestamp":"2025-10-11T14:19:30.031Z","sessionId":1}
{"type":"CANDIDATE_LOGIN_FAILED","details":"Failed login attempt for army number: HV543031B","severity":"MEDIUM","error":"Invalid Army Number or password","timestamp":"2025-10-11T14:20:19.219Z","sessionId":1}
{"type":"CANDIDATE_LOGIN_SUCCESS","details":"Candidate John Ham (HV123456A) logged in successfully","severity":"INFO","candidate":{"armyNumber":"HV123456A","name":"John Ham","rank":"Captain","unit":"4th Battalion"},"timestamp":"2025-10-11T14:20:42.960Z","sessionId":1}
{"type":"WEBSOCKET_CONNECTED","details":"Successfully connected to exam server via WebSocket","severity":"INFO","timestamp":"2025-10-11T14:20:42.997Z","sessionId":1}
{"type":"EXAM_STARTED","details":"Exam started remotely by invigilator","severity":"INFO","examData":{"questionCount":5,"duration":"60"},"timestamp":"2025-10-11T14:20:43.005Z","sessionId":1}
{"type":"WEBSOCKET_DISCONNECTED","details":"Disconnected from server: io client disconnect","severity":"HIGH","timestamp":"2025-10-11T14:21:01.036Z","sessionId":1}
{"type":"EXAM_SUBMITTED","details":"Exam submitted successfully for HV123456A","severity":"INFO","answersCount":5,"timestamp":"2025-10-11T14:21:01.051Z","sessionId":1}
{"type":"CANDIDATE_LOGIN_SUCCESS","details":"Candidate Jane Hash (JC543031A) logged in successfully","severity":"INFO","candidate":{"armyNumber":"JC543031A","name":"Jane Hash","rank":"Major","unit":"3rd Battalion"},"timestamp":"2025-10-11T14:30:20.328Z","sessionId":1}
{"type":"WEBSOCKET_CONNECTED","details":"Successfully connected to exam server via WebSocket","severity":"INFO","timestamp":"2025-10-11T14:30:20.383Z","sessionId":1}
{"type":"EXAM_STARTED","details":"Exam started remotely by invigilator","severity":"INFO","examData":{"questionCount":5,"duration":"60"},"timestamp":"2025-10-11T14:30:20.406Z","sessionId":1}
{"type":"WEBSOCKET_DISCONNECTED","details":"Disconnected from server: io client disconnect","severity":"HIGH","timestamp":"2025-10-11T14:30:37.580Z","sessionId":1}
{"type":"EXAM_SUBMITTED","details":"Exam submitted successfully for JC543031A","severity":"INFO","answersCount":5,"timestamp":"2025-10-11T14:30:37.585Z","sessionId":1}
{"type":"CANDIDATE_LOGIN_SUCCESS","details":"Candidate Jane Hash (JC543031A) logged in successfully","severity":"INFO","candidate":{"armyNumber":"JC543031A","name":"Jane Hash","rank":"Major","unit":"3rd Battalion"},"timestamp":"2025-10-11T14:35:37.730Z","sessionId":1}
{"type":"WEBSOCKET_CONNECTED","details":"Successfully connected to exam server via WebSocket","severity":"INFO","timestamp":"2025-10-11T14:35:37.804Z","sessionId":1}
{"type":"EXAM_STARTED","details":"Exam started remotely by invigilator","severity":"INFO","examData":{"questionCount":5,"duration":"60"},"timestamp":"2025-10-11T14:35:37.819Z","sessionId":1}
{"type":"WEBSOCKET_DISCONNECTED","details":"Disconnected from server: io client disconnect","severity":"HIGH","timestamp":"2025-10-11T14:35:59.395Z","sessionId":1}
{"type":"EXAM_SUBMITTED","details":"Exam submitted successfully for JC543031A","severity":"INFO","answersCount":5,"timestamp":"2025-10-11T14:35:59.398Z","sessionId":1}
{"type":"CANDIDATE_LOGIN_SUCCESS","details":"Candidate John Ham (HV123456A) logged in successfully","severity":"INFO","candidate":{"armyNumber":"HV123456A","name":"John Ham","rank":"Captain","unit":"4th Battalion"},"timestamp":"2025-10-11T14:39:25.819Z","sessionId":1}
{"type":"WEBSOCKET_CONNECTED","details":"Successfully connected to exam server via WebSocket","severity":"INFO","timestamp":"2025-10-11T14:39:25.858Z","sessionId":1}
{"type":"EXAM_STARTED","details":"Exam started remotely by invigilator","severity":"INFO","examData":{"questionCount":5,"duration":"60"},"timestamp":"2025-10-11T14:39:25.866Z","sessionId":1}
{"type":"WEBSOCKET_DISCONNECTED","details":"Disconnected from server: io client disconnect","severity":"HIGH","timestamp":"2025-10-11T14:39:46.737Z","sessionId":1}
{"type":"EXAM_SUBMITTED","details":"Exam submitted successfully for HV123456A","severity":"INFO","answersCount":5,"timestamp":"2025-10-11T14:39:46.744Z","sessionId":1}
{"type":"CANDIDATE_LOGIN_SUCCESS","details":"Candidate Jane Hash (JC543031A) logged in successfully","severity":"INFO","candidate":{"armyNumber":"JC543031A","name":"Jane Hash","rank":"Major","unit":"3rd Battalion"},"timestamp":"2025-10-11T14:42:46.511Z","sessionId":1}
{"type":"WEBSOCKET_CONNECTED","details":"Successfully connected to exam server via WebSocket","severity":"INFO","timestamp":"2025-10-11T14:42:46.565Z","sessionId":1}
{"type":"EXAM_STARTED","details":"Exam started remotely by invigilator","severity":"INFO","examData":{"questionCount":5,"duration":"60"},"timestamp":"2025-10-11T14:42:46.582Z","sessionId":1}
{"type":"WEBSOCKET_DISCONNECTED","details":"Disconnected from server: io client disconnect","severity":"HIGH","timestamp":"2025-10-11T14:43:00.581Z","sessionId":1}
{"type":"EXAM_SUBMITTED","details":"Exam submitted successfully for JC543031A","severity":"INFO","answersCount":5,"timestamp":"2025-10-11T14:43:00.584Z","sessionId":1}
{"type":"CANDIDATE_LOGIN_SUCCESS","details":"Candidate Jane Hash (JC543031A) logged in successfully","severity":"INFO","candidate":{"armyNumber":"JC543031A","name":"Jane Hash","rank":"Major","unit":"3rd Battalion"},"timestamp":"2025-10-11T14:51:49.263Z","sessionId":1}
{"type":"WEBSOCKET_CONNECTED","details":"Successfully connected to exam server via WebSocket","severity":"INFO","timestamp":"2025-10-11T14:51:49.318Z","sessionId":1}
{"type":"EXAM_STARTED","details":"Exam started remotely by invigilator","severity":"INFO","examData":{"questionCount":5,"duration":"60"},"timestamp":"2025-10-11T14:52:32.364Z","sessionId":1}
{"type":"WEBSOCKET_DISCONNECTED","details":"Disconnected from server: io client disconnect","severity":"HIGH","timestamp":"2025-10-11T14:52:50.562Z","sessionId":1}
{"type":"EXAM_SUBMITTED","details":"Exam submitted successfully for JC543031A","severity":"INFO","answersCount":5,"timestamp":"2025-10-11T14:52:50.568Z","sessionId":1}
{"type":"CANDIDATE_LOGIN_SUCCESS","details":"Candidate Jane Hash (JC543031A) logged in successfully","severity":"INFO","candidate":{"armyNumber":"JC543031A","name":"Jane Hash","rank":"Major","unit":"3rd Battalion"},"timestamp":"2025-10-11T14:57:34.952Z","sessionId":1}
{"type":"WEBSOCKET_CONNECTED","details":"Successfully connected to exam server via WebSocket","severity":"INFO","timestamp":"2025-10-11T14:57:34.998Z","sessionId":1}
{"type":"EXAM_STARTED","details":"Exam started remotely by invigilator","severity":"INFO","examData":{"questionCount":5,"duration":"60"},"timestamp":"2025-10-11T14:57:35.014Z","sessionId":1}
{"type":"WEBSOCKET_DISCONNECTED","details":"Disconnected from server: io client disconnect","severity":"HIGH","timestamp":"2025-10-11T14:57:51.299Z","sessionId":1}
{"type":"EXAM_SUBMITTED","details":"Exam submitted successfully for JC543031A","severity":"INFO","answersCount":5,"timestamp":"2025-10-11T14:57:51.306Z","sessionId":1}
{"type":"CANDIDATE_LOGIN_SUCCESS","details":"Candidate Jane Hash (JC543031A) logged in successfully","severity":"INFO","candidate":{"armyNumber":"JC543031A","name":"Jane Hash","rank":"Major","unit":"3rd Battalion"},"timestamp":"2025-10-11T15:02:59.438Z","sessionId":1}
{"type":"WEBSOCKET_CONNECTED","details":"Successfully connected to exam server via WebSocket","severity":"INFO","timestamp":"2025-10-11T15:02:59.502Z","sessionId":1}
{"type":"EXAM_STARTED","details":"Exam started remotely by invigilator","severity":"INFO","examData":{"questionCount":5,"duration":"60"},"timestamp":"2025-10-11T15:02:59.529Z","sessionId":1}
{"type":"WEBSOCKET_DISCONNECTED","details":"Disconnected from server: io client disconnect","severity":"HIGH","timestamp":"2025-10-11T15:03:19.472Z","sessionId":1}
{"type":"EXAM_SUBMITTED","details":"Exam submitted successfully for JC543031A","severity":"INFO","answersCount":5,"timestamp":"2025-10-11T15:03:19.478Z","sessionId":1}
{"type":"CANDIDATE_LOGIN_SUCCESS","details":"Candidate Jane Hash (JC543031A) logged in successfully","severity":"INFO","candidate":{"armyNumber":"JC543031A","name":"Jane Hash","rank":"Major","unit":"3rd Battalion"},"timestamp":"2025-10-11T15:22:39.372Z","sessionId":1}
{"type":"WEBSOCKET_CONNECTED","details":"Successfully connected to exam server via WebSocket","severity":"INFO","timestamp":"2025-10-11T15:22:39.407Z","sessionId":1}
{"type":"EXAM_STARTED","details":"Exam started remotely by invigilator","severity":"INFO","examData":{"questionCount":5,"duration":"60"},"timestamp":"2025-10-11T15:22:39.420Z","sessionId":1}
{"type":"WEBSOCKET_DISCONNECTED","details":"Disconnected from server: io client disconnect","severity":"HIGH","timestamp":"2025-10-11T15:22:53.571Z","sessionId":1}
{"type":"EXAM_SUBMITTED","details":"Exam submitted successfully for JC543031A","severity":"INFO","answersCount":5,"timestamp":"2025-10-11T15:22:53.576Z","sessionId":1}
{"type":"CANDIDATE_LOGIN_SUCCESS","details":"Candidate John Ham (HV123456A) logged in successfully","severity":"INFO","candidate":{"armyNumber":"HV123456A","name":"John Ham","rank":"Captain","unit":"4th Battalion"},"timestamp":"2025-10-11T15:24:40.892Z","sessionId":1}
{"type":"WEBSOCKET_CONNECTED","details":"Successfully connected to exam server via WebSocket","severity":"INFO","timestamp":"2025-10-11T15:24:40.927Z","sessionId":1}
{"type":"EXAM_STARTED","details":"Exam started remotely by invigilator","severity":"INFO","examData":{"questionCount":5,"duration":"60"},"timestamp":"2025-10-11T15:24:40.933Z","sessionId":1}
{"type":"WEBSOCKET_DISCONNECTED","details":"Disconnected from server: io client disconnect","severity":"HIGH","timestamp":"2025-10-11T15:24:57.163Z","sessionId":1}
{"type":"EXAM_SUBMITTED","details":"Exam submitted successfully for HV123456A","severity":"INFO","answersCount":5,"timestamp":"2025-10-11T15:24:57.168Z","sessionId":1}
